<?xml version="1.0" encoding="UTF-8"?>
<testsuite xmlns:xsi="http://www.w3.org/2001/XMLSchema-instance" xsi:noNamespaceSchemaLocation="https://maven.apache.org/surefire/maven-surefire-plugin/xsd/surefire-test-report.xsd" name="com.AppTest" time="0.026" tests="1" errors="0" skipped="0" failures="0">
  <properties>
    <property name="java.specification.version" value="17"/>
    <property name="sun.cpu.isalist" value="amd64"/>
    <property name="sun.jnu.encoding" value="Cp1250"/>
    <property name="java.class.path" value="C:\Users\markodm\Desktop\parent-project\service\target\test-classes;C:\Users\markodm\Desktop\parent-project\service\target\classes;C:\Users\markodm\.m2\repository\org\junit\jupiter\junit-jupiter-api\5.9.0\junit-jupiter-api-5.9.0.jar;C:\Users\markodm\.m2\repository\org\opentest4j\opentest4j\1.2.0\opentest4j-1.2.0.jar;C:\Users\markodm\.m2\repository\org\junit\platform\junit-platform-commons\1.9.0\junit-platform-commons-1.9.0.jar;C:\Users\markodm\.m2\repository\org\apiguardian\apiguardian-api\1.1.2\apiguardian-api-1.1.2.jar;C:\Users\markodm\.m2\repository\org\mockito\mockito-core\4.1.0\mockito-core-4.1.0.jar;C:\Users\markodm\.m2\repository\net\bytebuddy\byte-buddy\1.12.1\byte-buddy-1.12.1.jar;C:\Users\markodm\.m2\repository\net\bytebuddy\byte-buddy-agent\1.12.1\byte-buddy-agent-1.12.1.jar;C:\Users\markodm\.m2\repository\org\objenesis\objenesis\3.2\objenesis-3.2.jar;C:\Users\markodm\.m2\repository\junit\junit\4.11\junit-4.11.jar;C:\Users\markodm\.m2\repository\org\hamcrest\hamcrest-core\1.3\hamcrest-core-1.3.jar;"/>
    <property name="java.vm.vendor" value="Amazon.com Inc."/>
    <property name="sun.arch.data.model" value="64"/>
    <property name="user.variant" value=""/>
    <property name="java.vendor.url" value="https://aws.amazon.com/corretto/"/>
    <property name="user.timezone" value="Europe/Belgrade"/>
    <property name="user.country.format" value="RS"/>
    <property name="os.name" value="Windows 10"/>
    <property name="java.vm.specification.version" value="17"/>
    <property name="sun.java.launcher" value="SUN_STANDARD"/>
    <property name="user.country" value="US"/>
    <property name="sun.boot.library.path" value="C:\Users\markodm\.jdks\corretto-17.0.4\bin"/>
    <property name="sun.java.command" value="C:\Users\markodm\AppData\Local\Temp\surefire14024653529026325220\surefirebooter10255739968916984875.jar C:\Users\markodm\AppData\Local\Temp\surefire14024653529026325220 2022-08-16T15-55-45_084-jvmRun1 surefire16380600596060034503tmp surefire_12433187705025638212tmp"/>
    <property name="jdk.debug" value="release"/>
    <property name="surefire.test.class.path" value="C:\Users\markodm\Desktop\parent-project\service\target\test-classes;C:\Users\markodm\Desktop\parent-project\service\target\classes;C:\Users\markodm\.m2\repository\org\junit\jupiter\junit-jupiter-api\5.9.0\junit-jupiter-api-5.9.0.jar;C:\Users\markodm\.m2\repository\org\opentest4j\opentest4j\1.2.0\opentest4j-1.2.0.jar;C:\Users\markodm\.m2\repository\org\junit\platform\junit-platform-commons\1.9.0\junit-platform-commons-1.9.0.jar;C:\Users\markodm\.m2\repository\org\apiguardian\apiguardian-api\1.1.2\apiguardian-api-1.1.2.jar;C:\Users\markodm\.m2\repository\org\mockito\mockito-core\4.1.0\mockito-core-4.1.0.jar;C:\Users\markodm\.m2\repository\net\bytebuddy\byte-buddy\1.12.1\byte-buddy-1.12.1.jar;C:\Users\markodm\.m2\repository\net\bytebuddy\byte-buddy-agent\1.12.1\byte-buddy-agent-1.12.1.jar;C:\Users\markodm\.m2\repository\org\objenesis\objenesis\3.2\objenesis-3.2.jar;C:\Users\markodm\.m2\repository\junit\junit\4.11\junit-4.11.jar;C:\Users\markodm\.m2\repository\org\hamcrest\hamcrest-core\1.3\hamcrest-core-1.3.jar;"/>
    <property name="sun.cpu.endian" value="little"/>
    <property name="user.home" value="C:\Users\markodm"/>
    <property name="user.language" value="en"/>
    <property name="java.specification.vendor" value="Oracle Corporation"/>
    <property name="java.version.date" value="2022-07-19"/>
    <property name="java.home" value="C:\Users\markodm\.jdks\corretto-17.0.4"/>
    <property name="file.separator" value="\"/>
    <property name="basedir" value="C:\Users\markodm\Desktop\parent-project\service"/>
    <property name="java.vm.compressedOopsMode" value="Zero based"/>
    <property name="line.separator" value="&#10;"/>
    <property name="java.vm.specification.vendor" value="Oracle Corporation"/>
    <property name="java.specification.name" value="Java Platform API Specification"/>
    <property name="surefire.real.class.path" value="C:\Users\markodm\AppData\Local\Temp\surefire14024653529026325220\surefirebooter10255739968916984875.jar"/>
    <property name="user.script" value=""/>
    <property name="user.script.format" value="Latn"/>
    <property name="sun.management.compiler" value="HotSpot 64-Bit Tiered Compilers"/>
    <property name="java.runtime.version" value="17.0.4+8-LTS"/>
    <property name="user.name" value="markodm"/>
    <property name="path.separator" value=";"/>
    <property name="os.version" value="10.0"/>
    <property name="java.runtime.name" value="OpenJDK Runtime Environment"/>
    <property name="file.encoding" value="Cp1250"/>
    <property name="java.vm.name" value="OpenJDK 64-Bit Server VM"/>
    <property name="java.vendor.version" value="Corretto-17.0.4.8.1"/>
    <property name="localRepository" value="C:\Users\markodm\.m2\repository"/>
    <property name="java.vendor.url.bug" value="https://github.com/corretto/corretto-17/issues/"/>
    <property name="java.io.tmpdir" value="C:\Users\markodm\AppData\Local\Temp\"/>
    <property name="idea.version" value="2022.1.3"/>
    <property name="java.version" value="17.0.4"/>
    <property name="user.dir" value="C:\Users\markodm\Desktop\parent-project\service"/>
    <property name="os.arch" value="amd64"/>
    <property name="java.vm.specification.name" value="Java Virtual Machine Specification"/>
    <property name="user.language.format" value="sr"/>
    <property name="sun.os.patch.level" value=""/>
    <property name="native.encoding" value="Cp1250"/>
    <property name="java.library.path" value="C:\Users\markodm\.jdks\corretto-17.0.4\bin;C:\WINDOWS\Sun\Java\bin;C:\WINDOWS\system32;C:\WINDOWS;C:\Program Files (x86)\Microsoft SDKs\Azure\CLI2\wbin;C:\Program Files\Common Files\Oracle\Java\javapath;C:\Program Files (x86)\VMware\VMware Player\bin\;C:\WINDOWS\system32;C:\WINDOWS;C:\WINDOWS\System32\Wbem;C:\WINDOWS\System32\WindowsPowerShell\v1.0\;C:\WINDOWS\System32\OpenSSH\;C:\Program Files\Git\cmd;C:\Program Files (x86)\Groovy\bin;C:\Program Files\PuTTY\;C:\Program Files\Docker\Docker\resources\bin;C:\ProgramData\DockerDesktop\version-bin;C:\Program Files\Maven\apache-maven-3.8.6\bin;C:\Program Files\Gradle\gradle-7.5\bin;C:\Program Files\MySQL\MySQL Shell 8.0\bin\;C:\Users\markodm\AppData\Local\Microsoft\WindowsApps;C:\Users\markodm\AppData\Local\Programs\Microsoft VS Code\bin;C:\Users\markodm\AppData\Local\GitHubDesktop\bin;."/>
    <property name="java.vm.info" value="mixed mode, sharing"/>
    <property name="java.vendor" value="Amazon.com Inc."/>
    <property name="java.vm.version" value="17.0.4+8-LTS"/>
    <property name="sun.io.unicode.encoding" value="UnicodeLittle"/>
    <property name="java.class.version" value="61.0"/>
  </properties>
  <testcase name="shouldAnswerWithTrue" classname="com.AppTest" time="0.001"/>
</testsuite>